<?xml version="1.0" encoding="UTF-8"?>
<!-- Generated by org.testng.reporters.JUnitReportReporter -->
<testsuite hostname="Sri" failures="0" tests="1" name="LoginAutomation" time="6.598" errors="0" timestamp="2022-09-29T21:12:23 IST" skipped="0">
  <testcase classname="LoginAutomation" name="login" time="6.598"/>
  <system-out/>
</testsuite> <!-- LoginAutomation -->
